<?xml version="1.0" encoding="UTF-8"?>
<testsuites name="Mocha Tests" time="0.0010" tests="4" failures="0">
  <testsuite name="Root Suite" timestamp="2020-04-28T19:47:13" tests="0" time="0.0000" failures="0">
  </testsuite>
  <testsuite name="base64" timestamp="2020-04-28T19:47:13" tests="0" file="D:\Projects\tele-app\api-server\dist\test\unit\helpers\base64.js" time="0.0000" failures="0">
  </testsuite>
  <testsuite name="#encode" timestamp="2020-04-28T19:47:13" tests="2" file="D:\Projects\tele-app\api-server\dist\test\unit\helpers\base64.js" time="0.0010" failures="0">
    <testcase name="base64 #encode should properly encode empty string" time="0.0010" classname="should properly encode empty string">
    </testcase>
    <testcase name="base64 #encode should properly encode non-empty string" time="0.0000" classname="should properly encode non-empty string">
    </testcase>
  </testsuite>
  <testsuite name="#decode" timestamp="2020-04-28T19:47:13" tests="2" file="D:\Projects\tele-app\api-server\dist\test\unit\helpers\base64.js" time="0.0000" failures="0">
    <testcase name="base64 #decode should properly decode empty string" time="0.0000" classname="should properly decode empty string">
    </testcase>
    <testcase name="base64 #decode should properly encode non-empty string" time="0.0000" classname="should properly encode non-empty string">
    </testcase>
  </testsuite>
</testsuites>